0 info it worked if it ends with ok
1 verbose cli [ 'C:\\Program Files\\nodejs\\node.exe',
1 verbose cli   'C:\\Users\\Usuario\\AppData\\Roaming\\npm\\node_modules\\npm\\bin\\npm-cli.js',
1 verbose cli   'start' ]
2 info using npm@6.7.0
3 info using node@v10.15.0
4 verbose run-script [ 'prestart', 'start', 'poststart' ]
5 info lifecycle react-mario@0.1.0~prestart: react-mario@0.1.0
6 info lifecycle react-mario@0.1.0~start: react-mario@0.1.0
7 verbose lifecycle react-mario@0.1.0~start: unsafe-perm in lifecycle true
8 verbose lifecycle react-mario@0.1.0~start: PATH: C:\Users\Usuario\AppData\Roaming\npm\node_modules\npm\node_modules\npm-lifecycle\node-gyp-bin;C:\Users\Usuario\Desktop\React\react-mario\node_modules\.bin;C:\Program Files\Git\mingw64\bin;C:\Program Files\Git\usr\bin;C:\Users\Usuario\bin;C:\Program Files (x86)\Intel\Intel(R) Management Engine Components\iCLS;C:\Program Files\Intel\Intel(R) Management Engine Components\iCLS;C:\Windows\system32;C:\Windows;C:\Windows\System32\Wbem;C:\Windows\System32\WindowsPowerShell\v1.0;C:\Windows\System32\OpenSSH;C:\Program Files (x86)\Intel\Intel(R) Management Engine Components\DAL;C:\Program Files\Intel\Intel(R) Management Engine Components\DAL;C:\Program Files (x86)\Intel\Intel(R) Management Engine Components\IPT;C:\Program Files\Intel\Intel(R) Management Engine Components\IPT;C:\Program Files (x86)\NVIDIA Corporation\PhysX\Common;C:\Program Files\Git\cmd;C:\Program Files\NVIDIA Corporation\NVIDIA NvDLISR;C:\Program Files\Amazon\AWSCLI\bin;C:\Program Files\nodejs;C:\Users\Usuario\AppData\Local\Programs\Python\Python37-32\Scripts;C:\Users\Usuario\AppData\Local\Programs\Python\Python37-32;C:\Users\Usuario\AppData\Local\Microsoft\WindowsApps;C:\Users\Usuario\AppData\Local\Programs\Microsoft VS Code\bin;C:\Users\Usuario\AppData\Roaming\npm
9 verbose lifecycle react-mario@0.1.0~start: CWD: C:\Users\Usuario\Desktop\React\react-mario
10 silly lifecycle react-mario@0.1.0~start: Args: [ '/d /s /c', 'react-scripts start' ]
11 silly lifecycle react-mario@0.1.0~start: Returned: code: 3221225786  signal: null
12 info lifecycle react-mario@0.1.0~start: Failed to exec start script
13 verbose stack Error: react-mario@0.1.0 start: `react-scripts start`
13 verbose stack Exit status 3221225786
13 verbose stack     at EventEmitter.<anonymous> (C:\Users\Usuario\AppData\Roaming\npm\node_modules\npm\node_modules\npm-lifecycle\index.js:301:16)
13 verbose stack     at EventEmitter.emit (events.js:182:13)
13 verbose stack     at ChildProcess.<anonymous> (C:\Users\Usuario\AppData\Roaming\npm\node_modules\npm\node_modules\npm-lifecycle\lib\spawn.js:55:14)
13 verbose stack     at ChildProcess.emit (events.js:182:13)
13 verbose stack     at maybeClose (internal/child_process.js:962:16)
13 verbose stack     at Process.ChildProcess._handle.onexit (internal/child_process.js:251:5)
14 verbose pkgid react-mario@0.1.0
15 verbose cwd C:\Users\Usuario\Desktop\React\react-mario
16 verbose Windows_NT 10.0.17134
17 verbose argv "C:\\Program Files\\nodejs\\node.exe" "C:\\Users\\Usuario\\AppData\\Roaming\\npm\\node_modules\\npm\\bin\\npm-cli.js" "start"
18 verbose node v10.15.0
19 verbose npm  v6.7.0
20 error code ELIFECYCLE
21 error errno 3221225786
22 error react-mario@0.1.0 start: `react-scripts start`
22 error Exit status 3221225786
23 error Failed at the react-mario@0.1.0 start script.
23 error This is probably not a problem with npm. There is likely additional logging output above.
24 verbose exit [ 3221225786, true ]
