0 info it worked if it ends with ok
1 verbose cli [ 'C:\\Program Files\\nodejs\\node.exe',
1 verbose cli   'C:\\Users\\Usuario\\AppData\\Roaming\\npm\\node_modules\\npm\\bin\\npm-cli.js',
1 verbose cli   'install',
1 verbose cli   '--ignore-scripts',
1 verbose cli   'types-registry@latest' ]
2 info using npm@6.7.0
3 info using node@v10.15.0
4 verbose npm-session 3dd1fbacc9cc557e
5 silly install loadCurrentTree
6 silly install readLocalPackageData
7 silly fetchPackageMetaData error for types-registry@latest request to https://registry.npmjs.org/types-registry failed, reason: getaddrinfo ENOTFOUND registry.npmjs.org registry.npmjs.org:443
8 timing stage:rollbackFailedOptional Completed in 0ms
9 timing stage:runTopLevelLifecycles Completed in 120ms
10 verbose type system
11 verbose stack FetchError: request to https://registry.npmjs.org/types-registry failed, reason: getaddrinfo ENOTFOUND registry.npmjs.org registry.npmjs.org:443
11 verbose stack     at ClientRequest.req.on.err (C:\Users\Usuario\AppData\Roaming\npm\node_modules\npm\node_modules\node-fetch-npm\src\index.js:68:14)
11 verbose stack     at ClientRequest.emit (events.js:182:13)
11 verbose stack     at TLSSocket.socketErrorListener (_http_client.js:392:9)
11 verbose stack     at TLSSocket.emit (events.js:182:13)
11 verbose stack     at emitErrorNT (internal/streams/destroy.js:82:8)
11 verbose stack     at emitErrorAndCloseNT (internal/streams/destroy.js:50:3)
11 verbose stack     at process._tickCallback (internal/process/next_tick.js:63:19)
12 verbose cwd C:\Users\Usuario\AppData\Local\Microsoft\TypeScript\3.3
13 verbose Windows_NT 10.0.17134
14 verbose argv "C:\\Program Files\\nodejs\\node.exe" "C:\\Users\\Usuario\\AppData\\Roaming\\npm\\node_modules\\npm\\bin\\npm-cli.js" "install" "--ignore-scripts" "types-registry@latest"
15 verbose node v10.15.0
16 verbose npm  v6.7.0
17 error code ENOTFOUND
18 error errno ENOTFOUND
19 error network request to https://registry.npmjs.org/types-registry failed, reason: getaddrinfo ENOTFOUND registry.npmjs.org registry.npmjs.org:443
20 error network This is a problem related to network connectivity.
20 error network In most cases you are behind a proxy or have bad network settings.
20 error network
20 error network If you are behind a proxy, please make sure that the
20 error network 'proxy' config is set properly.  See: 'npm help config'
21 verbose exit [ 1, true ]
